d:\exam\and\cmatlab\x64\release\vc143.pdb
d:\exam\and\cmatlab\x64\release\addknot.obj
d:\exam\and\cmatlab\x64\release\spremove2.obj
d:\exam\and\cmatlab\x64\release\binsert.obj
d:\exam\and\cmatlab\x64\release\zxmat.obj
d:\exam\and\cmatlab\x64\release\spmak2.obj
d:\exam\and\cmatlab\x64\release\multal.obj
d:\exam\and\cmatlab\x64\release\matrix.obj
d:\exam\and\cmatlab\x64\release\inispline.obj
d:\exam\and\cmatlab\x64\release\gsmooth2.obj
d:\exam\and\cmatlab\x64\release\globaltrans.obj
d:\exam\and\cmatlab\x64\release\fnval2.obj
d:\exam\and\cmatlab\x64\release\fnder2.obj
d:\exam\and\cmatlab\x64\release\featurepoint.obj
d:\exam\and\cmatlab\x64\release\datagroup.obj
d:\exam\and\cmatlab\x64\release\data3curve.obj
d:\exam\and\cmatlab\x64\release\cmatlab.obj
d:\exam\and\cmatlab\x64\release\basefunction.obj
d:\exam\and\cmatlab\x64\release\bangcoef.obj
d:\exam\and\cmatlab\x64\release\bangc.obj
d:\exam\and\cmatlab\x64\release\cmatlab.exe
d:\exam\and\cmatlab\x64\release\cmatlab.pdb
d:\exam\and\cmatlab\x64\release\cmatlab.tlog\cl.command.1.tlog
d:\exam\and\cmatlab\x64\release\cmatlab.tlog\cl.read.1.tlog
d:\exam\and\cmatlab\x64\release\cmatlab.tlog\cl.write.1.tlog
d:\exam\and\cmatlab\x64\release\cmatlab.tlog\link.command.1.tlog
d:\exam\and\cmatlab\x64\release\cmatlab.tlog\link.read.1.tlog
d:\exam\and\cmatlab\x64\release\cmatlab.tlog\link.write.1.tlog
