d:\exam\and\cmatlab\debug\vc143.pdb
d:\exam\and\cmatlab\debug\vc143.idb
d:\exam\and\cmatlab\debug\addknot.obj
d:\exam\and\cmatlab\debug\spremove2.obj
d:\exam\and\cmatlab\debug\binsert.obj
d:\exam\and\cmatlab\debug\zxmat.obj
d:\exam\and\cmatlab\debug\spmak2.obj
d:\exam\and\cmatlab\debug\multal.obj
d:\exam\and\cmatlab\debug\inispline.obj
d:\exam\and\cmatlab\debug\gsmooth2.obj
d:\exam\and\cmatlab\debug\globaltrans.obj
d:\exam\and\cmatlab\debug\fnval2.obj
d:\exam\and\cmatlab\debug\featurepoint.obj
d:\exam\and\cmatlab\debug\datagroup.obj
d:\exam\and\cmatlab\debug\data3curve.obj
d:\exam\and\cmatlab\debug\cmatlab.obj
d:\exam\and\cmatlab\debug\basefunction.obj
d:\exam\and\cmatlab\debug\bangcoef.obj
d:\exam\and\cmatlab\debug\bangc.obj
d:\exam\and\cmatlab\debug\cmatlab.tlog\cl.command.1.tlog
d:\exam\and\cmatlab\debug\cmatlab.tlog\cl.read.1.tlog
d:\exam\and\cmatlab\debug\cmatlab.tlog\cl.write.1.tlog
