d:\exam\and\cmatlab\x64\debug\bangc.obj
d:\exam\and\cmatlab\x64\debug\bangcoef.obj
d:\exam\and\cmatlab\x64\debug\basefunction.obj
d:\exam\and\cmatlab\x64\debug\binsert.obj
d:\exam\and\cmatlab\x64\debug\cmatlab.obj
d:\exam\and\cmatlab\x64\debug\data3curve.obj
d:\exam\and\cmatlab\x64\debug\datagroup.obj
d:\exam\and\cmatlab\x64\debug\featurepoint.obj
d:\exam\and\cmatlab\x64\debug\fnder2.obj
d:\exam\and\cmatlab\x64\debug\fnval2.obj
d:\exam\and\cmatlab\x64\debug\globaltrans.obj
d:\exam\and\cmatlab\x64\debug\gsmooth2.obj
d:\exam\and\cmatlab\x64\debug\inispline.obj
d:\exam\and\cmatlab\x64\debug\matrix.obj
d:\exam\and\cmatlab\x64\debug\multal.obj
d:\exam\and\cmatlab\x64\debug\spmak2.obj
d:\exam\and\cmatlab\x64\debug\spremove2.obj
d:\exam\and\cmatlab\x64\debug\zxmat.obj
d:\exam\and\cmatlab\x64\debug\vc143.idb
d:\exam\and\cmatlab\x64\debug\vc143.pdb
d:\exam\and\cmatlab\x64\debug\cmatlab.tlog\cl.command.1.tlog
