开始生成时的环境:
ALLUSERSPROFILE = C:\ProgramData
APPDATA = C:\Users\86136\AppData\Roaming
ChocolateyInstall = C:\ProgramData\chocolatey
ChocolateyLastPathUpdate = 133017366929671904
CommonProgramFiles = C:\Program Files\Common Files
CommonProgramFiles(x86) = C:\Program Files (x86)\Common Files
CommonProgramW6432 = C:\Program Files\Common Files
COMPUTERNAME = 16MON
ComSpec = C:\Windows\system32\cmd.exe
DriverData = C:\Windows\System32\Drivers\DriverData
DXSDK_DIR = C:\Program Files (x86)\Microsoft DirectX SDK (June 2010)\
ForceIdentityAuthenticationType = Embedded
FPS_BROWSER_APP_PROFILE_STRING = Internet Explorer
FPS_BROWSER_USER_PROFILE_STRING = Default
HOMEDRIVE = C:
HOMEPATH = \Users\86136
JAVA_HOME = C:\Program Files\Android\jdk\jdk-8.0.302.8-hotspot\jdk8u302-b08
LOCALAPPDATA = C:\Users\86136\AppData\Local
LOGONSERVER = \\16MON
MONO_ANDROID_PATH = d:\Program Files\Microsoft Visual Studio\2022\Community\MSBuild\Xamarin\Android
MSBuildLoadMicrosoftTargetsReadOnly = true
NUMBER_OF_PROCESSORS = 16
OneDrive = C:\Users\86136\OneDrive
OneDriveConsumer = C:\Users\86136\OneDrive
OS = Windows_NT
Path = D:\Python311\Scripts\;D:\Python311\;C:\Program Files\Microsoft\jdk-11.0.12.7-hotspot\bin;C:\Program Files (x86)\Common Files\Oracle\Java\javapath;C:\Windows\system32;C:\Windows;C:\Windows\System32\Wbem;C:\Windows\System32\WindowsPowerShell\v1.0\;C:\Windows\System32\OpenSSH\;C:\Program Files\Microsoft SQL Server\150\Tools\Binn\;C:\Program Files\Microsoft SQL Server\Client SDK\ODBC\170\Tools\Binn\;C:\nodejs\;C:\ProgramData\chocolatey\bin;C:\Program Files (x86)\Tencent\微信web开发者工具\dll;C:\Program Files\dotnet\;d:\Program Files (x86)\IncrediBuild;d:\Program Files\MATLAB\R2021b\runtime\win64;d:\Program Files\MATLAB\R2021b\bin;C:\Program Files (x86)\Windows Kits\10\Windows Performance Toolkit\;C:\Program Files\CMake\bin;C:\Users\86136\AppData\Local\Microsoft\WindowsApps;d:\Programs\Microsoft VS Code\bin;C:\Users\86136\AppData\Roaming\npm;C:\Users\86136\.dotnet\tools;D:\Program Files\Spyder\pkgs;
PATHEXT = .COM;.EXE;.BAT;.CMD;.VBS;.VBE;.JS;.JSE;.WSF;.WSH;.MSC;.PY;.PYW;.CPL
PkgDefApplicationConfigFile = C:\Users\86136\AppData\Local\Microsoft\VisualStudio\17.0_7715f43f\devenv.exe.config
PROCESSOR_ARCHITECTURE = AMD64
PROCESSOR_IDENTIFIER = AMD64 Family 25 Model 68 Stepping 1, AuthenticAMD
PROCESSOR_LEVEL = 25
PROCESSOR_REVISION = 4401
ProgramData = C:\ProgramData
ProgramFiles = C:\Program Files
ProgramFiles(x86) = C:\Program Files (x86)
ProgramW6432 = C:\Program Files
PSExecutionPolicyPreference = RemoteSigned
PSModulePath = C:\Users\86136\OneDrive\文档\WindowsPowerShell\Modules;C:\Program Files\WindowsPowerShell\Modules;C:\Windows\system32\WindowsPowerShell\v1.0\Modules
PUBLIC = C:\Users\Public
QtMsBuild = C:\Users\86136\AppData\Local\QtMsBuild
ServiceHubLogSessionKey = 8FBB504A
SESSIONNAME = Console
SignInWithHomeTenantOnly = False
SystemDrive = C:
SystemRoot = C:\Windows
TEMP = C:\Users\86136\AppData\Local\Temp
ThreadedWaitDialogDpiContext = -4
TMP = C:\Users\86136\AppData\Local\Temp
USERDOMAIN = 16MON
USERDOMAIN_ROAMINGPROFILE = 16MON
USERNAME = 8613671056130
USERPROFILE = C:\Users\86136
VisualStudioDir = C:\Users\86136\OneDrive\文档\Visual Studio 2022
VisualStudioEdition = Microsoft Visual Studio Community 2022
VisualStudioVersion = 17.0
VS140COMNTOOLS = D:\Program Files (x86)\Microsoft Visual Studio 14.0\Common7\Tools\
VSAPPIDDIR = d:\Program Files\Microsoft Visual Studio\2022\Community\Common7\IDE\
VSAPPIDNAME = devenv.exe
VSLANG = 2052
VSLS_SESSION_KEEPALIVE_INTERVAL = 0
VSSKUEDITION = Community
windir = C:\Windows
XAMARIN_ANDROID_REGKEY = SOFTWARE\Xamarin\VisualStudio\17.0_7715f43f\Android
_PTVS_PID = 14264

  ZXMat.c
  CMatLab.vcxproj -> D:\exam\and\CMatLab\x64\Debug\CMatLab.exe
